<?xml version="1.0" encoding="UTF-8"?>
<testng-results skipped="0" failed="0" total="1" passed="1">
  <reporter-output>
  </reporter-output>
  <suite name="Command line suite" duration-ms="125" started-at="2016-04-19T15:36:28Z" finished-at="2016-04-19T15:36:28Z">
    <groups>
    </groups>
    <test name="Command line test" duration-ms="125" started-at="2016-04-19T15:36:28Z" finished-at="2016-04-19T15:36:28Z">
      <class name="asl.util.MockDataGeneratorTest">
        <test-method status="PASS" signature="setUp()[pri:0, instance:asl.util.MockDataGeneratorTest@34780c0e]" name="setUp" is-config="true" duration-ms="110" started-at="2016-04-19T17:36:28Z" finished-at="2016-04-19T17:36:28Z">
          <reporter-output>
          </reporter-output>
        </test-method> <!-- setUp -->
        <test-method status="PASS" signature="testGetData()[pri:0, instance:asl.util.MockDataGeneratorTest@34780c0e]" name="testGetData" duration-ms="1" started-at="2016-04-19T17:36:28Z" finished-at="2016-04-19T17:36:28Z">
          <reporter-output>
          </reporter-output>
        </test-method> <!-- testGetData -->
      </class> <!-- asl.util.MockDataGeneratorTest -->
    </test> <!-- Command line test -->
  </suite> <!-- Command line suite -->
</testng-results>
